<?xml version="1.0" encoding="UTF-8"?>
<testng-results ignored="0" total="1" passed="1" failed="0" skipped="0">
  <reporter-output>
  </reporter-output>
  <suite started-at="2021-03-30T14:13:37Z" name="InetBankingV1" finished-at="2021-03-30T14:13:44Z" duration-ms="6967">
    <groups>
    </groups>
    <test started-at="2021-03-30T14:13:37Z" name="BankingApp Test" finished-at="2021-03-30T14:13:44Z" duration-ms="6967">
      <class name="com.inetbanking.testCases.TC_LoginTest_001">
        <test-method is-config="true" signature="setup(java.lang.String)[pri:0, instance:com.inetbanking.testCases.TC_LoginTest_001@1372ed45]" started-at="2021-03-30T14:13:37Z" name="setup" finished-at="2021-03-30T14:13:42Z" duration-ms="4392" status="PASS">
          <params>
            <param index="0">
              <value>
                <![CDATA[chrome]]>
              </value>
            </param>
          </params>
          <reporter-output>
          </reporter-output>
        </test-method> <!-- setup -->
        <test-method signature="loginTest()[pri:0, instance:com.inetbanking.testCases.TC_LoginTest_001@1372ed45]" started-at="2021-03-30T14:13:42Z" name="loginTest" finished-at="2021-03-30T14:13:43Z" duration-ms="1684" status="PASS">
          <reporter-output>
          </reporter-output>
        </test-method> <!-- loginTest -->
        <test-method is-config="true" signature="TearDown()[pri:0, instance:com.inetbanking.testCases.TC_LoginTest_001@1372ed45]" started-at="2021-03-30T14:13:43Z" name="TearDown" finished-at="2021-03-30T14:13:44Z" duration-ms="612" status="PASS">
          <reporter-output>
          </reporter-output>
        </test-method> <!-- TearDown -->
      </class> <!-- com.inetbanking.testCases.TC_LoginTest_001 -->
    </test> <!-- BankingApp Test -->
  </suite> <!-- InetBankingV1 -->
</testng-results>
